Running test with concurrency of 16 on RDS instance: db-m6g-4xlarge.cysflcdb2ije.us-east-1.rds.amazonaws.com
Cleaning up first
You are now connected to database "sbtest" as user "masteruser".
NOTICE:  extension "pg_stat_statements" already exists, skipping
CREATE EXTENSION
 pg_stat_statements_reset 
--------------------------
 
(1 row)

 pg_stat_reset 
---------------
 
(1 row)

          begin_clock          
-------------------------------
 2023-06-09 00:00:03.680813+00
(1 row)

        ?column?         
-------------------------
 BEGIN:1686268804.000000
(1 row)

Proceeding to run queries
Running query
progress: 900.0 s, 0.0 tps, lat 0.000 ms stddev 0.000
progress: 1800.1 s, 0.0 tps, lat 0.000 ms stddev 0.000
progress: 2700.1 s, 0.0 tps, lat 0.000 ms stddev 0.000
progress: 3600.0 s, 0.0 tps, lat 0.000 ms stddev 0.000
progress: 4500.0 s, 0.0 tps, lat 0.000 ms stddev 0.000
progress: 5400.1 s, 0.0 tps, lat 0.000 ms stddev 0.000
progress: 6300.1 s, 0.0 tps, lat 0.000 ms stddev 0.000
progress: 7200.1 s, 0.0 tps, lat 0.000 ms stddev 0.000
progress: 8100.0 s, 0.0 tps, lat 0.000 ms stddev 0.000
progress: 9000.0 s, 0.0 tps, lat 8240119.828 ms stddev 53205.748
progress: 9900.1 s, 0.0 tps, lat 0.000 ms stddev 0.000
progress: 10800.1 s, 0.0 tps, lat 0.000 ms stddev 0.000
progress: 11700.0 s, 0.0 tps, lat 11650449.073 ms stddev 16731.658
transaction type: /home/ec2-user/environment/RDSOptimizedReads/q.sql
scaling factor: 1
query mode: simple
number of clients: 16
number of threads: 1
number of transactions per client: 1
number of transactions actually processed: 16/16
latency average = 10904137.679 ms
latency stddev = 1539667.132 ms
tps = 0.001349 (including connections establishing)
tps = 0.001349 (excluding connections establishing)
Exeuction of queries is complete
Extracting performance results
Overall performance of queries on db-m6g-4xlarge.cysflcdb2ije.us-east-1.rds.amazonaws.com with concurrency:16
           end_clock           
-------------------------------
 2023-06-09 03:17:43.926725+00
(1 row)

       ?column?        
-----------------------
 END:1686280664.000000
(1 row)

 concurrency | time taken in minutes  | total disk usage of temp per SQL type 
-------------+------------------------+---------------------------------------
          16 |                  181.7 | 3281 GB
(1 row)

++++++++++++++++++++++++++++++++++++++++++++++++
 Capturing performance stats for concurrency 16 on host db-m6g-4xlarge.cysflcdb2ije.us-east-1.rds.amazonaws.com
++++++++++++++++++++++++++++++++++++++++++++++++
INSERT 0 1
