Running test with concurrency of 16 on RDS instance: db-m6gd-4xlarge.cysflcdb2ije.us-east-1.rds.amazonaws.com
Cleaning up first
You are now connected to database "sbtest" as user "masteruser".
NOTICE:  extension "pg_stat_statements" already exists, skipping
CREATE EXTENSION
 pg_stat_statements_reset 
--------------------------
 
(1 row)

 pg_stat_reset 
---------------
 
(1 row)

          begin_clock          
-------------------------------
 2023-06-09 00:00:03.689666+00
(1 row)

        ?column?         
-------------------------
 BEGIN:1686268804.000000
(1 row)

Proceeding to run queries
Running query
progress: 900.1 s, 0.0 tps, lat 0.000 ms stddev 0.000
progress: 1800.1 s, 0.0 tps, lat 0.000 ms stddev 0.000
progress: 2700.0 s, 0.0 tps, lat 2074759.160 ms stddev 2273.024
transaction type: /home/ec2-user/environment/RDSOptimizedReads/q.sql
scaling factor: 1
query mode: simple
number of clients: 16
number of threads: 1
number of transactions per client: 1
number of transactions actually processed: 16/16
latency average = 3185820.647 ms
latency stddev = 641505.388 ms
tps = 0.004490 (including connections establishing)
tps = 0.004490 (excluding connections establishing)
Exeuction of queries is complete
Extracting performance results
Overall performance of queries on db-m6gd-4xlarge.cysflcdb2ije.us-east-1.rds.amazonaws.com with concurrency:16
           end_clock           
-------------------------------
 2023-06-09 00:59:27.073279+00
(1 row)

       ?column?        
-----------------------
 END:1686272367.000000
(1 row)

 concurrency | time taken in minutes  | total disk usage of temp per SQL type 
-------------+------------------------+---------------------------------------
          16 |                   53.1 | 3281 GB
(1 row)

++++++++++++++++++++++++++++++++++++++++++++++++
 Capturing performance stats for concurrency 16 on host db-m6gd-4xlarge.cysflcdb2ije.us-east-1.rds.amazonaws.com
++++++++++++++++++++++++++++++++++++++++++++++++
INSERT 0 1
