Running test with concurrency of 2 on RDS instance: db-m6gd-4xlarge.cysflcdb2ije.us-east-1.rds.amazonaws.com
Cleaning up first
You are now connected to database "sbtest" as user "masteruser".
NOTICE:  extension "pg_stat_statements" already exists, skipping
CREATE EXTENSION
 pg_stat_statements_reset 
--------------------------
 
(1 row)

 pg_stat_reset 
---------------
 
(1 row)

          begin_clock          
-------------------------------
 2023-06-08 20:13:32.251232+00
(1 row)

        ?column?         
-------------------------
 BEGIN:1686255212.000000
(1 row)

Proceeding to run queries
Running query
transaction type: /home/ec2-user/environment/RDSOptimizedReads/q.sql
scaling factor: 1
query mode: simple
number of clients: 2
number of threads: 1
number of transactions per client: 1
number of transactions actually processed: 2/2
latency average = 692887.581 ms
latency stddev = 184.560 ms
tps = 0.002886 (including connections establishing)
tps = 0.002886 (excluding connections establishing)
Exeuction of queries is complete
Extracting performance results
Overall performance of queries on db-m6gd-4xlarge.cysflcdb2ije.us-east-1.rds.amazonaws.com with concurrency:2
           end_clock           
-------------------------------
 2023-06-08 20:25:05.428385+00
(1 row)

       ?column?        
-----------------------
 END:1686255905.000000
(1 row)

 concurrency | time taken in minutes  | total disk usage of temp per SQL type 
-------------+------------------------+---------------------------------------
           2 |                   11.6 | 355 GB
(1 row)

++++++++++++++++++++++++++++++++++++++++++++++++
 Capturing performance stats for concurrency 2 on host db-m6gd-4xlarge.cysflcdb2ije.us-east-1.rds.amazonaws.com
++++++++++++++++++++++++++++++++++++++++++++++++
INSERT 0 1
