Running test with concurrency of 8 on RDS instance: db-m6g-4xlarge.cysflcdb2ije.us-east-1.rds.amazonaws.com
Cleaning up first
You are now connected to database "sbtest" as user "masteruser".
NOTICE:  extension "pg_stat_statements" already exists, skipping
CREATE EXTENSION
 pg_stat_statements_reset 
--------------------------
 
(1 row)

 pg_stat_reset 
---------------
 
(1 row)

          begin_clock          
-------------------------------
 2023-06-08 20:52:54.740293+00
(1 row)

        ?column?         
-------------------------
 BEGIN:1686257575.000000
(1 row)

Proceeding to run queries
Running query
progress: 900.1 s, 0.0 tps, lat 0.000 ms stddev 0.000
progress: 1800.1 s, 0.0 tps, lat 0.000 ms stddev 0.000
progress: 2700.1 s, 0.0 tps, lat 0.000 ms stddev 0.000
progress: 3600.1 s, 0.0 tps, lat 3147584.657 ms stddev 9054.337
transaction type: /home/ec2-user/environment/RDSOptimizedReads/q.sql
scaling factor: 1
query mode: simple
number of clients: 8
number of threads: 1
number of transactions per client: 1
number of transactions actually processed: 8/8
latency average = 3722314.587 ms
latency stddev = 332470.227 ms
tps = 0.002019 (including connections establishing)
tps = 0.002019 (excluding connections establishing)
Exeuction of queries is complete
Extracting performance results
Overall performance of queries on db-m6g-4xlarge.cysflcdb2ije.us-east-1.rds.amazonaws.com with concurrency:8
           end_clock           
-------------------------------
 2023-06-08 21:58:56.527608+00
(1 row)

       ?column?        
-----------------------
 END:1686261537.000000
(1 row)

 concurrency | time taken in minutes  | total disk usage of temp per SQL type 
-------------+------------------------+---------------------------------------
           8 |                   62.0 | 1493 GB
(1 row)

++++++++++++++++++++++++++++++++++++++++++++++++
 Capturing performance stats for concurrency 8 on host db-m6g-4xlarge.cysflcdb2ije.us-east-1.rds.amazonaws.com
++++++++++++++++++++++++++++++++++++++++++++++++
INSERT 0 1
