Running test with concurrency of 8 on RDS instance: db-m6gd-4xlarge.cysflcdb2ije.us-east-1.rds.amazonaws.com
Cleaning up first
You are now connected to database "sbtest" as user "masteruser".
NOTICE:  extension "pg_stat_statements" already exists, skipping
CREATE EXTENSION
 pg_stat_statements_reset 
--------------------------
 
(1 row)

 pg_stat_reset 
---------------
 
(1 row)

          begin_clock          
-------------------------------
 2023-06-08 20:52:54.744917+00
(1 row)

        ?column?         
-------------------------
 BEGIN:1686257575.000000
(1 row)

Proceeding to run queries
Running query
progress: 900.1 s, 0.0 tps, lat 0.000 ms stddev 0.000
progress: 1800.1 s, 0.0 tps, lat 1334204.559 ms stddev 1489.476
transaction type: /home/ec2-user/environment/RDSOptimizedReads/q.sql
scaling factor: 1
query mode: simple
number of clients: 8
number of threads: 1
number of transactions per client: 1
number of transactions actually processed: 8/8
latency average = 1585201.634 ms
latency stddev = 251006.381 ms
tps = 0.004349 (including connections establishing)
tps = 0.004350 (excluding connections establishing)
Exeuction of queries is complete
Extracting performance results
Overall performance of queries on db-m6gd-4xlarge.cysflcdb2ije.us-east-1.rds.amazonaws.com with concurrency:8
          end_clock           
------------------------------
 2023-06-08 21:23:34.09234+00
(1 row)

       ?column?        
-----------------------
 END:1686259414.000000
(1 row)

 concurrency | time taken in minutes  | total disk usage of temp per SQL type 
-------------+------------------------+---------------------------------------
           8 |                   26.4 | 1567 GB
(1 row)

++++++++++++++++++++++++++++++++++++++++++++++++
 Capturing performance stats for concurrency 8 on host db-m6gd-4xlarge.cysflcdb2ije.us-east-1.rds.amazonaws.com
++++++++++++++++++++++++++++++++++++++++++++++++
INSERT 0 1
