++++++++++++++++++++++++++++++++
BEGIN TIME
++++++++++++++++++++++++++++++++
Thu Jun  8 20:02:44 UTC 2023
Running on with concurrency 1 on db-m6g-4xlarge.cysflcdb2ije.us-east-1.rds.amazonaws.com
Running on with concurrency 1 on db-m6gd-4xlarge.cysflcdb2ije.us-east-1.rds.amazonaws.com
Running on with concurrency 2 on db-m6g-4xlarge.cysflcdb2ije.us-east-1.rds.amazonaws.com
Running on with concurrency 2 on db-m6gd-4xlarge.cysflcdb2ije.us-east-1.rds.amazonaws.com
Running on with concurrency 4 on db-m6g-4xlarge.cysflcdb2ije.us-east-1.rds.amazonaws.com
Running on with concurrency 4 on db-m6gd-4xlarge.cysflcdb2ije.us-east-1.rds.amazonaws.com
Running on with concurrency 8 on db-m6g-4xlarge.cysflcdb2ije.us-east-1.rds.amazonaws.com
Running on with concurrency 8 on db-m6gd-4xlarge.cysflcdb2ije.us-east-1.rds.amazonaws.com
Running on with concurrency 12 on db-m6g-4xlarge.cysflcdb2ije.us-east-1.rds.amazonaws.com
Running on with concurrency 12 on db-m6gd-4xlarge.cysflcdb2ije.us-east-1.rds.amazonaws.com
Running on with concurrency 16 on db-m6g-4xlarge.cysflcdb2ije.us-east-1.rds.amazonaws.com
Running on with concurrency 16 on db-m6gd-4xlarge.cysflcdb2ije.us-east-1.rds.amazonaws.com
++++++++++++++++++++++++++++++++
END TIME
++++++++++++++++++++++++++++++++
Fri Jun  9 03:17:43 UTC 2023
