Running test with concurrency of 12 on RDS instance: db-m5-4xlarge.cysflcdb2ije.us-east-1.rds.amazonaws.com
Cleaning up first
You are now connected to database "sbtest" as user "masteruser".
NOTICE:  extension "pg_stat_statements" already exists, skipping
CREATE EXTENSION
 pg_stat_statements_reset 
--------------------------
 
(1 row)

 pg_stat_reset 
---------------
 
(1 row)

          begin_clock          
-------------------------------
 2023-06-08 05:39:26.772015+00
(1 row)

        ?column?         
-------------------------
 BEGIN:1686202767.000000
(1 row)

Proceeding to run queries
Running query
progress: 900.0 s, 0.0 tps, lat 0.000 ms stddev 0.000
progress: 1800.1 s, 0.0 tps, lat 0.000 ms stddev 0.000
progress: 2700.0 s, 0.0 tps, lat 0.000 ms stddev 0.000
progress: 3600.1 s, 0.0 tps, lat 0.000 ms stddev 0.000
progress: 4500.1 s, 0.0 tps, lat 0.000 ms stddev 0.000
progress: 5400.1 s, 0.0 tps, lat 0.000 ms stddev 0.000
progress: 6300.1 s, 0.0 tps, lat 0.000 ms stddev 0.000
progress: 7200.0 s, 0.0 tps, lat 6317032.931 ms stddev 1757.313
transaction type: /home/ec2-user/environment/RDSOptimizedReads/q.sql
scaling factor: 1
query mode: simple
number of clients: 12
number of threads: 1
number of transactions per client: 1
number of transactions actually processed: 12/12
latency average = 7343519.693 ms
latency stddev = 726172.029 ms
tps = 0.001518 (including connections establishing)
tps = 0.001518 (excluding connections establishing)
Exeuction of queries is complete
Extracting performance results
Overall performance of queries on db-m5-4xlarge.cysflcdb2ije.us-east-1.rds.amazonaws.com with concurrency:12
          end_clock           
------------------------------
 2023-06-08 07:51:11.77198+00
(1 row)

       ?column?        
-----------------------
 END:1686210672.000000
(1 row)

 concurrency | time taken in minutes  | total disk usage of temp per SQL type 
-------------+------------------------+---------------------------------------
          12 |                  122.4 | 2424 GB
(1 row)

++++++++++++++++++++++++++++++++++++++++++++++++
 Capturing performance stats for concurrency 12 on host db-m5-4xlarge.cysflcdb2ije.us-east-1.rds.amazonaws.com
++++++++++++++++++++++++++++++++++++++++++++++++
INSERT 0 1
