Running test with concurrency of 16 on RDS instance: db-m5d-4xlarge.cysflcdb2ije.us-east-1.rds.amazonaws.com
Cleaning up first
You are now connected to database "sbtest" as user "masteruser".
NOTICE:  extension "pg_stat_statements" already exists, skipping
CREATE EXTENSION
 pg_stat_statements_reset 
--------------------------
 
(1 row)

 pg_stat_reset 
---------------
 
(1 row)

          begin_clock          
-------------------------------
 2023-06-08 07:51:11.845434+00
(1 row)

        ?column?         
-------------------------
 BEGIN:1686210672.000000
(1 row)

Proceeding to run queries
Running query
progress: 900.0 s, 0.0 tps, lat 0.000 ms stddev 0.000
progress: 1800.1 s, 0.0 tps, lat 0.000 ms stddev 0.000
progress: 2700.1 s, 0.0 tps, lat 2177800.383 ms stddev 72156.149
transaction type: /home/ec2-user/environment/RDSOptimizedReads/q.sql
scaling factor: 1
query mode: simple
number of clients: 16
number of threads: 1
number of transactions per client: 1
number of transactions actually processed: 16/16
latency average = 3108983.126 ms
latency stddev = 629651.453 ms
tps = 0.004494 (including connections establishing)
tps = 0.004494 (excluding connections establishing)
Exeuction of queries is complete
Extracting performance results
Overall performance of queries on db-m5d-4xlarge.cysflcdb2ije.us-east-1.rds.amazonaws.com with concurrency:16
          end_clock           
------------------------------
 2023-06-08 08:50:32.04471+00
(1 row)

       ?column?        
-----------------------
 END:1686214232.000000
(1 row)

 concurrency | time taken in minutes  | total disk usage of temp per SQL type 
-------------+------------------------+---------------------------------------
          16 |                   51.8 | 3244 GB
(1 row)

++++++++++++++++++++++++++++++++++++++++++++++++
 Capturing performance stats for concurrency 16 on host db-m5d-4xlarge.cysflcdb2ije.us-east-1.rds.amazonaws.com
++++++++++++++++++++++++++++++++++++++++++++++++
INSERT 0 1
