++++++++++++++++++++++++++++++++
BEGIN TIME
++++++++++++++++++++++++++++++++
Thu Jun  8 03:39:10 UTC 2023
Running on with concurrency 1 on db-m5d-4xlarge.cysflcdb2ije.us-east-1.rds.amazonaws.com
Running on with concurrency 1 on db-m5-4xlarge.cysflcdb2ije.us-east-1.rds.amazonaws.com
Running on with concurrency 2 on db-m5d-4xlarge.cysflcdb2ije.us-east-1.rds.amazonaws.com
Running on with concurrency 2 on db-m5-4xlarge.cysflcdb2ije.us-east-1.rds.amazonaws.com
Running on with concurrency 4 on db-m5d-4xlarge.cysflcdb2ije.us-east-1.rds.amazonaws.com
Running on with concurrency 4 on db-m5-4xlarge.cysflcdb2ije.us-east-1.rds.amazonaws.com
Running on with concurrency 8 on db-m5d-4xlarge.cysflcdb2ije.us-east-1.rds.amazonaws.com
Running on with concurrency 8 on db-m5-4xlarge.cysflcdb2ije.us-east-1.rds.amazonaws.com
Running on with concurrency 12 on db-m5d-4xlarge.cysflcdb2ije.us-east-1.rds.amazonaws.com
Running on with concurrency 12 on db-m5-4xlarge.cysflcdb2ije.us-east-1.rds.amazonaws.com
Running on with concurrency 16 on db-m5d-4xlarge.cysflcdb2ije.us-east-1.rds.amazonaws.com
Running on with concurrency 16 on db-m5-4xlarge.cysflcdb2ije.us-east-1.rds.amazonaws.com
++++++++++++++++++++++++++++++++
END TIME
++++++++++++++++++++++++++++++++
Thu Jun  8 11:09:09 UTC 2023
