Running test with concurrency of 16 on RDS instance: db-r6g-4xlarge.cysflcdb2ije.us-east-1.rds.amazonaws.com
Cleaning up first
You are now connected to database "sbtest" as user "masteruser".
NOTICE:  extension "pg_stat_statements" already exists, skipping
CREATE EXTENSION
 pg_stat_statements_reset 
--------------------------
 
(1 row)

 pg_stat_reset 
---------------
 
(1 row)

          begin_clock          
-------------------------------
 2023-06-09 07:56:58.182818+00
(1 row)

        ?column?         
-------------------------
 BEGIN:1686297418.000000
(1 row)

Proceeding to run queries
Running query
progress: 900.1 s, 0.0 tps, lat 0.000 ms stddev 0.000
progress: 1800.0 s, 0.0 tps, lat 0.000 ms stddev 0.000
progress: 2700.1 s, 0.0 tps, lat 0.000 ms stddev 0.000
progress: 3600.1 s, 0.0 tps, lat 0.000 ms stddev 0.000
progress: 4500.0 s, 0.0 tps, lat 4303474.650 ms stddev 180582.320
progress: 5400.0 s, 0.0 tps, lat 0.000 ms stddev 0.000
progress: 6300.0 s, 0.0 tps, lat 0.000 ms stddev 0.000
progress: 7200.0 s, 0.0 tps, lat 6937849.391 ms stddev 181126.708
transaction type: /home/ec2-user/environment/RDSOptimizedReads/q.sql
scaling factor: 1
query mode: simple
number of clients: 16
number of threads: 1
number of transactions per client: 1
number of transactions actually processed: 16/16
latency average = 6422949.407 ms
latency stddev = 1235963.833 ms
tps = 0.002211 (including connections establishing)
tps = 0.002211 (excluding connections establishing)
Exeuction of queries is complete
Extracting performance results
Overall performance of queries on db-r6g-4xlarge.cysflcdb2ije.us-east-1.rds.amazonaws.com with concurrency:16
           end_clock           
-------------------------------
 2023-06-09 09:57:34.826367+00
(1 row)

       ?column?        
-----------------------
 END:1686304655.000000
(1 row)

 concurrency | time taken in minutes  | total disk usage of temp per SQL type 
-------------+------------------------+---------------------------------------
          16 |                  107.1 | 3281 GB
(1 row)

++++++++++++++++++++++++++++++++++++++++++++++++
 Capturing performance stats for concurrency 16 on host db-r6g-4xlarge.cysflcdb2ije.us-east-1.rds.amazonaws.com
++++++++++++++++++++++++++++++++++++++++++++++++
INSERT 0 1
